<?xml version="1.0" encoding="UTF-8"?>
<testng-results skipped="0" failed="0" ignored="0" total="1" passed="1">
  <reporter-output>
  </reporter-output>
  <suite name="Default suite" duration-ms="67107" started-at="2019-01-29T07:28:02Z" finished-at="2019-01-29T07:29:09Z">
    <groups>
    </groups>
    <test name="Default test" duration-ms="67107" started-at="2019-01-29T07:28:02Z" finished-at="2019-01-29T07:29:09Z">
      <class name="com.training.sanity.tests.ProductTests">
        <test-method status="PASS" signature="setUpBeforeClass()[pri:0, instance:com.training.sanity.tests.ProductTests@47c62251]" name="setUpBeforeClass" is-config="true" duration-ms="36" started-at="2019-01-29T07:28:02Z" finished-at="2019-01-29T07:28:02Z">
          <reporter-output>
          </reporter-output>
        </test-method> <!-- setUpBeforeClass -->
        <test-method status="PASS" signature="setUp()[pri:0, instance:com.training.sanity.tests.ProductTests@47c62251]" name="setUp" is-config="true" duration-ms="11927" started-at="2019-01-29T07:28:02Z" finished-at="2019-01-29T07:28:14Z">
          <reporter-output>
          </reporter-output>
        </test-method> <!-- setUp -->
        <test-method status="PASS" signature="validLoginTest()[pri:0, instance:com.training.sanity.tests.ProductTests@47c62251]" name="validLoginTest" duration-ms="50104" started-at="2019-01-29T07:28:14Z" finished-at="2019-01-29T07:29:04Z">
          <reporter-output>
          </reporter-output>
        </test-method> <!-- validLoginTest -->
        <test-method status="PASS" signature="tearDown()[pri:0, instance:com.training.sanity.tests.ProductTests@47c62251]" name="tearDown" is-config="true" duration-ms="5000" started-at="2019-01-29T07:29:04Z" finished-at="2019-01-29T07:29:09Z">
          <reporter-output>
          </reporter-output>
        </test-method> <!-- tearDown -->
      </class> <!-- com.training.sanity.tests.ProductTests -->
    </test> <!-- Default test -->
  </suite> <!-- Default suite -->
</testng-results>
